2017-11-11 12:31:27,606  INFO ExamApplication:48 - Starting ExamApplication on DESKTOP-ABHLG4N with PID 6364 (D:\git\exam\target\classes started by wgl in D:\git\exam)
  2017-11-11 12:31:27,606  INFO ExamApplication:597 - The following profiles are active: dev
  2017-11-11 12:31:27,653  INFO AnnotationConfigEmbeddedWebApplicationContext:583 - Refreshing org.springframework.boot.context.embedded.AnnotationConfigEmbeddedWebApplicationContext@112a8d9a: startup date [Sat Nov 11 12:31:27 CST 2017]; root of context hierarchy
  2017-11-11 12:31:27,762  INFO Version:30 - HV000001: Hibernate Validator 5.3.5.Final
  2017-11-11 12:31:28,864  INFO LocalContainerEntityManagerFactoryBean:349 - Building JPA container EntityManagerFactory for persistence unit 'default'
  2017-11-11 12:31:28,880  INFO LogHelper:31 - HHH000204: Processing PersistenceUnitInfo [
	name: default
	...]
  2017-11-11 12:31:28,911  INFO Version:37 - HHH000412: Hibernate Core {5.0.12.Final}
  2017-11-11 12:31:28,911  INFO Environment:213 - HHH000206: hibernate.properties not found
  2017-11-11 12:31:28,911  INFO Environment:317 - HHH000021: Bytecode provider name : javassist
  2017-11-11 12:31:28,926  INFO Version:66 - HCANN000001: Hibernate Commons Annotations {5.0.1.Final}
  2017-11-11 12:31:29,179  INFO Dialect:156 - HHH000400: Using dialect: org.hibernate.dialect.MySQL5Dialect
  2017-11-11 12:31:29,405  INFO SchemaExport:400 - HHH000227: Running hbm2ddl schema export
  2017-11-11 12:31:30,289  INFO SchemaExport:464 - HHH000230: Schema export complete
  2017-11-11 12:31:30,320  INFO LocalContainerEntityManagerFactoryBean:379 - Initialized JPA EntityManagerFactory for persistence unit 'default'
  2017-11-11 12:31:30,694  INFO TomcatEmbeddedServletContainer:89 - Tomcat initialized with port(s): 1111 (http)
  2017-11-11 12:31:30,750  INFO ContextLoader:276 - Root WebApplicationContext: initialization completed in 3097 ms
  2017-11-11 12:31:30,865  INFO ServletRegistrationBean:190 - Mapping servlet: 'dispatcherServlet' to [/]
  2017-11-11 12:31:30,865  INFO ServletRegistrationBean:190 - Mapping servlet: 'UEditorServlet' to [/ueditor]
  2017-11-11 12:31:30,865  INFO FilterRegistrationBean:258 - Mapping filter: 'metricsFilter' to: [/*]
  2017-11-11 12:31:30,865  INFO FilterRegistrationBean:258 - Mapping filter: 'characterEncodingFilter' to: [/*]
  2017-11-11 12:31:30,865  INFO FilterRegistrationBean:258 - Mapping filter: 'hiddenHttpMethodFilter' to: [/*]
  2017-11-11 12:31:30,865  INFO FilterRegistrationBean:258 - Mapping filter: 'httpPutFormContentFilter' to: [/*]
  2017-11-11 12:31:30,865  INFO FilterRegistrationBean:258 - Mapping filter: 'requestContextFilter' to: [/*]
  2017-11-11 12:31:30,865  INFO FilterRegistrationBean:258 - Mapping filter: 'webRequestLoggingFilter' to: [/*]
  2017-11-11 12:31:30,865  INFO FilterRegistrationBean:258 - Mapping filter: 'applicationContextIdFilter' to: [/*]
  2017-11-11 12:31:31,207  INFO RequestMappingHandlerAdapter:534 - Looking for @ControllerAdvice: org.springframework.boot.context.embedded.AnnotationConfigEmbeddedWebApplicationContext@112a8d9a: startup date [Sat Nov 11 12:31:27 CST 2017]; root of context hierarchy
  2017-11-11 12:31:31,248  INFO RequestMappingHandlerMapping:543 - Mapped "{[/api/login],methods=[POST]}" onto public com.wgl.exam.bean.ReturnWithoutData com.wgl.exam.controller.AllRestController.login(java.lang.String,java.lang.String)
  2017-11-11 12:31:31,249  INFO RequestMappingHandlerMapping:543 - Mapped "{[/404]}" onto public java.lang.String com.wgl.exam.controller.ErrorController.hander404(org.springframework.ui.ModelMap)
  2017-11-11 12:31:31,249  INFO RequestMappingHandlerMapping:543 - Mapped "{[/]}" onto public java.lang.String com.wgl.exam.controller.IndexController.helloHtml(java.util.Map<java.lang.String, java.lang.Object>)
  2017-11-11 12:31:31,249  INFO RequestMappingHandlerMapping:543 - Mapped "{[/login],methods=[GET]}" onto public java.lang.String com.wgl.exam.controller.UserController.getLogin(java.util.Map<java.lang.String, java.lang.Object>)
  2017-11-11 12:31:31,250  INFO RequestMappingHandlerMapping:543 - Mapped "{[/error]}" onto public org.springframework.http.ResponseEntity<java.util.Map<java.lang.String, java.lang.Object>> org.springframework.boot.autoconfigure.web.BasicErrorController.error(javax.servlet.http.HttpServletRequest)
  2017-11-11 12:31:31,251  INFO RequestMappingHandlerMapping:543 - Mapped "{[/error],produces=[text/html]}" onto public org.springframework.web.servlet.ModelAndView org.springframework.boot.autoconfigure.web.BasicErrorController.errorHtml(javax.servlet.http.HttpServletRequest,javax.servlet.http.HttpServletResponse)
  2017-11-11 12:31:31,262  INFO SimpleUrlHandlerMapping:362 - Mapped URL path [/webjars/**] onto handler of type [class org.springframework.web.servlet.resource.ResourceHttpRequestHandler]
  2017-11-11 12:31:31,262  INFO SimpleUrlHandlerMapping:362 - Mapped URL path [/**] onto handler of type [class org.springframework.web.servlet.resource.ResourceHttpRequestHandler]
  2017-11-11 12:31:31,278  INFO SimpleUrlHandlerMapping:362 - Mapped URL path [/**/favicon.ico] onto handler of type [class org.springframework.web.servlet.resource.ResourceHttpRequestHandler]
  2017-11-11 12:31:31,489  INFO EndpointHandlerMapping:543 - Mapped "{[/env/{name:.*}],methods=[GET],produces=[application/vnd.spring-boot.actuator.v1+json || application/json]}" onto public java.lang.Object org.springframework.boot.actuate.endpoint.mvc.EnvironmentMvcEndpoint.value(java.lang.String)
  2017-11-11 12:31:31,489  INFO EndpointHandlerMapping:543 - Mapped "{[/env || /env.json],methods=[GET],produces=[application/vnd.spring-boot.actuator.v1+json || application/json]}" onto public java.lang.Object org.springframework.boot.actuate.endpoint.mvc.EndpointMvcAdapter.invoke()
  2017-11-11 12:31:31,489  INFO EndpointHandlerMapping:543 - Mapped "{[/info || /info.json],methods=[GET],produces=[application/vnd.spring-boot.actuator.v1+json || application/json]}" onto public java.lang.Object org.springframework.boot.actuate.endpoint.mvc.EndpointMvcAdapter.invoke()
  2017-11-11 12:31:31,489  INFO EndpointHandlerMapping:543 - Mapped "{[/dump || /dump.json],methods=[GET],produces=[application/vnd.spring-boot.actuator.v1+json || application/json]}" onto public java.lang.Object org.springframework.boot.actuate.endpoint.mvc.EndpointMvcAdapter.invoke()
  2017-11-11 12:31:31,489  INFO EndpointHandlerMapping:543 - Mapped "{[/mappings || /mappings.json],methods=[GET],produces=[application/vnd.spring-boot.actuator.v1+json || application/json]}" onto public java.lang.Object org.springframework.boot.actuate.endpoint.mvc.EndpointMvcAdapter.invoke()
  2017-11-11 12:31:31,489  INFO EndpointHandlerMapping:543 - Mapped "{[/beans || /beans.json],methods=[GET],produces=[application/vnd.spring-boot.actuator.v1+json || application/json]}" onto public java.lang.Object org.springframework.boot.actuate.endpoint.mvc.EndpointMvcAdapter.invoke()
  2017-11-11 12:31:31,489  INFO EndpointHandlerMapping:543 - Mapped "{[/trace || /trace.json],methods=[GET],produces=[application/vnd.spring-boot.actuator.v1+json || application/json]}" onto public java.lang.Object org.springframework.boot.actuate.endpoint.mvc.EndpointMvcAdapter.invoke()
  2017-11-11 12:31:31,489  INFO EndpointHandlerMapping:543 - Mapped "{[/heapdump || /heapdump.json],methods=[GET],produces=[application/octet-stream]}" onto public void org.springframework.boot.actuate.endpoint.mvc.HeapdumpMvcEndpoint.invoke(boolean,javax.servlet.http.HttpServletRequest,javax.servlet.http.HttpServletResponse) throws java.io.IOException,javax.servlet.ServletException
  2017-11-11 12:31:31,489  INFO EndpointHandlerMapping:543 - Mapped "{[/loggers/{name:.*}],methods=[GET],produces=[application/vnd.spring-boot.actuator.v1+json || application/json]}" onto public java.lang.Object org.springframework.boot.actuate.endpoint.mvc.LoggersMvcEndpoint.get(java.lang.String)
  2017-11-11 12:31:31,504  INFO EndpointHandlerMapping:543 - Mapped "{[/loggers/{name:.*}],methods=[POST],consumes=[application/vnd.spring-boot.actuator.v1+json || application/json],produces=[application/vnd.spring-boot.actuator.v1+json || application/json]}" onto public java.lang.Object org.springframework.boot.actuate.endpoint.mvc.LoggersMvcEndpoint.set(java.lang.String,java.util.Map<java.lang.String, java.lang.String>)
  2017-11-11 12:31:31,504  INFO EndpointHandlerMapping:543 - Mapped "{[/loggers || /loggers.json],methods=[GET],produces=[application/vnd.spring-boot.actuator.v1+json || application/json]}" onto public java.lang.Object org.springframework.boot.actuate.endpoint.mvc.EndpointMvcAdapter.invoke()
  2017-11-11 12:31:31,504  INFO EndpointHandlerMapping:543 - Mapped "{[/metrics/{name:.*}],methods=[GET],produces=[application/vnd.spring-boot.actuator.v1+json || application/json]}" onto public java.lang.Object org.springframework.boot.actuate.endpoint.mvc.MetricsMvcEndpoint.value(java.lang.String)
  2017-11-11 12:31:31,504  INFO EndpointHandlerMapping:543 - Mapped "{[/metrics || /metrics.json],methods=[GET],produces=[application/vnd.spring-boot.actuator.v1+json || application/json]}" onto public java.lang.Object org.springframework.boot.actuate.endpoint.mvc.EndpointMvcAdapter.invoke()
  2017-11-11 12:31:31,504  INFO EndpointHandlerMapping:543 - Mapped "{[/configprops || /configprops.json],methods=[GET],produces=[application/vnd.spring-boot.actuator.v1+json || application/json]}" onto public java.lang.Object org.springframework.boot.actuate.endpoint.mvc.EndpointMvcAdapter.invoke()
  2017-11-11 12:31:31,504  INFO EndpointHandlerMapping:543 - Mapped "{[/health || /health.json],methods=[GET],produces=[application/vnd.spring-boot.actuator.v1+json || application/json]}" onto public java.lang.Object org.springframework.boot.actuate.endpoint.mvc.HealthMvcEndpoint.invoke(javax.servlet.http.HttpServletRequest,java.security.Principal)
  2017-11-11 12:31:31,504  INFO EndpointHandlerMapping:543 - Mapped "{[/autoconfig || /autoconfig.json],methods=[GET],produces=[application/vnd.spring-boot.actuator.v1+json || application/json]}" onto public java.lang.Object org.springframework.boot.actuate.endpoint.mvc.EndpointMvcAdapter.invoke()
  2017-11-11 12:31:31,504  INFO EndpointHandlerMapping:543 - Mapped "{[/auditevents || /auditevents.json],methods=[GET],produces=[application/vnd.spring-boot.actuator.v1+json || application/json]}" onto public org.springframework.http.ResponseEntity<?> org.springframework.boot.actuate.endpoint.mvc.AuditEventsMvcEndpoint.findByPrincipalAndAfterAndType(java.lang.String,java.util.Date,java.lang.String)
  2017-11-11 12:31:31,567  INFO FreeMarkerConfigurer:127 - ClassTemplateLoader for Spring macros added to FreeMarker configuration
  2017-11-11 12:31:31,695  INFO OptionalLiveReloadServer:58 - LiveReload server is running on port 35729
  2017-11-11 12:31:31,734  INFO AnnotationMBeanExporter:431 - Registering beans for JMX exposure on startup
  2017-11-11 12:31:31,750  INFO EndpointMBeanExporter:431 - Registering beans for JMX exposure on startup
  2017-11-11 12:31:31,750  INFO DefaultLifecycleProcessor:343 - Starting beans in phase 0
  2017-11-11 12:31:31,750  INFO EndpointMBeanExporter:678 - Located managed bean 'auditEventsEndpoint': registering with JMX server as MBean [org.springframework.boot:type=Endpoint,name=auditEventsEndpoint]
  2017-11-11 12:31:31,765  INFO EndpointMBeanExporter:678 - Located managed bean 'requestMappingEndpoint': registering with JMX server as MBean [org.springframework.boot:type=Endpoint,name=requestMappingEndpoint]
  2017-11-11 12:31:31,765  INFO EndpointMBeanExporter:678 - Located managed bean 'environmentEndpoint': registering with JMX server as MBean [org.springframework.boot:type=Endpoint,name=environmentEndpoint]
  2017-11-11 12:31:31,765  INFO EndpointMBeanExporter:678 - Located managed bean 'healthEndpoint': registering with JMX server as MBean [org.springframework.boot:type=Endpoint,name=healthEndpoint]
  2017-11-11 12:31:31,765  INFO EndpointMBeanExporter:678 - Located managed bean 'beansEndpoint': registering with JMX server as MBean [org.springframework.boot:type=Endpoint,name=beansEndpoint]
  2017-11-11 12:31:31,765  INFO EndpointMBeanExporter:678 - Located managed bean 'infoEndpoint': registering with JMX server as MBean [org.springframework.boot:type=Endpoint,name=infoEndpoint]
  2017-11-11 12:31:31,765  INFO EndpointMBeanExporter:678 - Located managed bean 'loggersEndpoint': registering with JMX server as MBean [org.springframework.boot:type=Endpoint,name=loggersEndpoint]
  2017-11-11 12:31:31,781  INFO EndpointMBeanExporter:678 - Located managed bean 'metricsEndpoint': registering with JMX server as MBean [org.springframework.boot:type=Endpoint,name=metricsEndpoint]
  2017-11-11 12:31:31,781  INFO EndpointMBeanExporter:678 - Located managed bean 'traceEndpoint': registering with JMX server as MBean [org.springframework.boot:type=Endpoint,name=traceEndpoint]
  2017-11-11 12:31:31,781  INFO EndpointMBeanExporter:678 - Located managed bean 'dumpEndpoint': registering with JMX server as MBean [org.springframework.boot:type=Endpoint,name=dumpEndpoint]
  2017-11-11 12:31:31,781  INFO EndpointMBeanExporter:678 - Located managed bean 'autoConfigurationReportEndpoint': registering with JMX server as MBean [org.springframework.boot:type=Endpoint,name=autoConfigurationReportEndpoint]
  2017-11-11 12:31:31,781  INFO EndpointMBeanExporter:678 - Located managed bean 'configurationPropertiesReportEndpoint': registering with JMX server as MBean [org.springframework.boot:type=Endpoint,name=configurationPropertiesReportEndpoint]
  2017-11-11 12:31:31,812  INFO TomcatEmbeddedServletContainer:201 - Tomcat started on port(s): 1111 (http)
  2017-11-11 12:31:31,865  INFO ExamApplication:57 - Started ExamApplication in 4.384 seconds (JVM running for 4.801)
  2017-11-11 12:31:47,115  INFO DispatcherServlet:489 - FrameworkServlet 'dispatcherServlet': initialization started
  2017-11-11 12:31:47,127  INFO DispatcherServlet:508 - FrameworkServlet 'dispatcherServlet': initialization completed in 12 ms
  2017-11-11 12:31:59,659 ERROR UserController:24 - test:test
  2017-11-11 12:31:59,667  INFO QueryTranslatorFactoryInitiator:47 - HHH000397: Using ASTQueryTranslatorFactory
  2017-11-11 12:33:54,782 ERROR UserController:24 - 111:111
  